<?xml version="1.0" encoding="UTF-8"?>
<!-- Generated by org.testng.reporters.JUnitReportReporter -->
<testsuite hostname="DESKTOP-5BC7F80" failures="0" tests="1" name="runner.Runner" time="19.013" errors="0" timestamp="2022-10-15T14:42:25 IST" skipped="0">
  <testcase classname="runner.Runner" name="runScenario" time="19.013"/>
  <system-out/>
</testsuite> <!-- runner.Runner -->
