<?xml version="1.0" encoding="UTF-8"?>
<!-- Generated by org.testng.reporters.JUnitReportReporter -->
<testsuite hostname="DESKTOP-5BC7F80" failures="0" tests="1" name="test.Twotest" time="8.828" errors="0" timestamp="2022-10-15T14:38:49 IST" skipped="0">
  <testcase classname="test.Twotest" name="testtwo" time="8.828"/>
  <system-out/>
</testsuite> <!-- test.Twotest -->
