<?xml version="1.0" encoding="UTF-8"?>
<!-- Generated by org.testng.reporters.JUnitReportReporter -->
<testsuite hostname="DESKTOP-5BC7F80" failures="0" tests="1" name="test.Logintest" time="21.421" errors="0" timestamp="2022-10-15T14:38:49 IST" skipped="0">
  <testcase classname="test.Logintest" name="loin" time="21.421"/>
  <system-out/>
</testsuite> <!-- test.Logintest -->
